<?xml version="1.0" encoding="UTF-8"?>
<!-- Generated by org.testng.reporters.JUnitXMLReporter -->
<testsuite ignored="0" hostname="DESKTOP-S2R2BFT" failures="2" tests="8" name="Test" time="0.163" errors="0" timestamp="2024-01-06T14:14:36 IST">
  <testcase classname="testNgStudy.ListenerClass1_TC1" name="b" time="0.018">
    <failure type="java.lang.AssertionError" message="null">
      <![CDATA[java.lang.AssertionError: null
at testNgStudy.ListenerClass1_TC1.b(ListenerClass1_TC1.java:24)
at java.base/java.util.ArrayList.forEach(ArrayList.java:1511)
... Removed 29 stack frames]]>
    </failure>
  </testcase> <!-- b -->
  <testcase classname="testNgStudy.ListenerClass1_TC1" name="d" time="0.002"/>
  <testcase classname="testNgStudy.ListenerClass1_TC1" name="a" time="0.002"/>
  <testcase classname="testNgStudy.ListenerClass1_TC1" name="c" time="0.001">
    <skipped/>
  </testcase> <!-- c -->
  <testcase classname="testNgStudy.LisetnerClass2_TC2" name="f" time="0.005"/>
  <testcase classname="testNgStudy.LisetnerClass2_TC2" name="g" time="0.007"/>
  <testcase classname="testNgStudy.LisetnerClass2_TC2" name="i" time="0.002"/>
  <testcase classname="testNgStudy.LisetnerClass2_TC2" name="h" time="0.002">
    <failure type="java.lang.AssertionError" message="null">
      <![CDATA[java.lang.AssertionError: null
at testNgStudy.LisetnerClass2_TC2.h(LisetnerClass2_TC2.java:29)
at java.base/java.util.ArrayList.forEach(ArrayList.java:1511)
... Removed 29 stack frames]]>
    </failure>
  </testcase> <!-- h -->
</testsuite> <!-- Test -->
