<?xml version="1.0" encoding="UTF-8"?>
<testng-results ignored="0" total="1" passed="1" failed="0" skipped="0">
  <reporter-output>
    <line>
      <![CDATA[Launch coverFox Application]]>
    </line>
    <line>
      <![CDATA[Close CoverFox Application]]>
    </line>
  </reporter-output>
  <suite started-at="2024-01-08T19:15:06 IST" name="Default suite" finished-at="2024-01-08T19:15:23 IST" duration-ms="16703">
    <groups>
    </groups>
    <test started-at="2024-01-08T19:15:06 IST" name="Default test" finished-at="2024-01-08T19:15:23 IST" duration-ms="16703">
      <class name="coverFox_PropertiesFiles_Test.TestClass_Using_PropertiesFiles">
        <test-method is-config="true" signature="launchBrowser()[pri:0, instance:coverFox_PropertiesFiles_Test.TestClass_Using_PropertiesFiles@24aed80c]" started-at="2024-01-08T19:15:06 IST" name="launchBrowser" finished-at="2024-01-08T19:15:17 IST" duration-ms="11340" status="PASS">
          <reporter-output>
            <line>
              <![CDATA[Launch coverFox Application]]>
            </line>
          </reporter-output>
        </test-method> <!-- launchBrowser -->
        <test-method signature="coverFox()[pri:0, instance:coverFox_PropertiesFiles_Test.TestClass_Using_PropertiesFiles@24aed80c]" started-at="2024-01-08T19:15:17 IST" name="coverFox" finished-at="2024-01-08T19:15:17 IST" duration-ms="11" status="PASS">
          <reporter-output>
          </reporter-output>
        </test-method> <!-- coverFox -->
        <test-method is-config="true" signature="closeBrowser()[pri:0, instance:coverFox_PropertiesFiles_Test.TestClass_Using_PropertiesFiles@24aed80c]" started-at="2024-01-08T19:15:17 IST" name="closeBrowser" finished-at="2024-01-08T19:15:23 IST" duration-ms="5250" status="PASS">
          <reporter-output>
            <line>
              <![CDATA[Close CoverFox Application]]>
            </line>
          </reporter-output>
        </test-method> <!-- closeBrowser -->
      </class> <!-- coverFox_PropertiesFiles_Test.TestClass_Using_PropertiesFiles -->
    </test> <!-- Default test -->
  </suite> <!-- Default suite -->
</testng-results>
